<?xml version="1.0" encoding="UTF-8"?>
<!-- Generated by org.testng.reporters.JUnitXMLReporter -->
<testsuite ignored="0" hostname="DESKTOP-R7HB36T" failures="0" tests="9" name="Test" time="22.257" errors="0" timestamp="2020-07-04T22:19:56 IST">
  <testcase classname="testcases.NaukriApp" name="openApplication" time="2.702"/>
  <testcase classname="testcases.NaukriApp" name="printInfo" time="0.121"/>
  <testcase classname="testcases.NaukriApp" name="printURL" time="0.043"/>
  <testcase classname="testcases.FacebookApp" name="openApplication" time="4.556"/>
  <testcase classname="testcases.FacebookApp" name="printInfo" time="0.042"/>
  <testcase classname="testcases.FacebookApp" name="printURL" time="0.029"/>
  <testcase classname="testcases.GmailApp" name="openApplication" time="6.667"/>
  <testcase classname="testcases.GmailApp" name="printInfo" time="0.059"/>
  <testcase classname="testcases.GmailApp" name="printURL" time="0.034"/>
</testsuite> <!-- Test -->
