<?xml version="1.0" encoding="UTF-8"?>
<!-- Generated by org.testng.reporters.JUnitXMLReporter -->
<testsuite ignored="0" hostname="DESKTOP-R7HB36T" failures="0" tests="12" name="Test" time="27.198" errors="0" timestamp="2020-07-06T16:37:53 IST">
  <testcase classname="testcases.GmailApp" name="openApplication" time="7.705"/>
  <testcase classname="testcases.GmailApp" name="printInfo" time="0.192"/>
  <testcase classname="testcases.GmailApp" name="printURL" time="0.102"/>
  <testcase classname="testcases.FacebookApp" name="openApplication" time="9.874"/>
  <testcase classname="testcases.SpicejetApp" name="openApplication" time="10.328"/>
  <testcase classname="testcases.FacebookApp" name="printInfo" time="1.853"/>
  <testcase classname="testcases.FacebookApp" name="printURL" time="0.089"/>
  <testcase classname="testcases.FacebookApp" name="printHelloMessage" time="0.002"/>
  <testcase classname="testcases.NaukriApp" name="openApplication" time="14.34"/>
  <testcase classname="testcases.NaukriApp" name="printInfo" time="0.025"/>
  <testcase classname="testcases.NaukriApp" name="printURL" time="0.086"/>
  <testcase classname="testcases.NaukriApp" name="printHelloMessage" time="0.004"/>
</testsuite> <!-- Test -->
