<?xml version="1.0" encoding="UTF-8"?>
<testng-results ignored="0" total="6" passed="6" failed="0" skipped="0">
  <reporter-output>
  </reporter-output>
  <suite started-at="2020-07-04T19:33:57 IST" name="Suite" finished-at="2020-07-04T19:34:21 IST" duration-ms="23740">
    <groups>
    </groups>
    <test started-at="2020-07-04T19:33:57 IST" name="Test" finished-at="2020-07-04T19:34:21 IST" duration-ms="23740">
      <class name="testcases.NaukriApp">
        <test-method is-config="true" signature="tearUp()[pri:0, instance:testcases.NaukriApp@21b2e768]" started-at="2020-07-04T19:33:57 IST" name="tearUp" finished-at="2020-07-04T19:34:06 IST" duration-ms="9026" status="PASS">
          <reporter-output>
          </reporter-output>
        </test-method> <!-- tearUp -->
        <test-method signature="openApplication()[pri:1, instance:testcases.NaukriApp@21b2e768]" started-at="2020-07-04T19:34:06 IST" name="openApplication" finished-at="2020-07-04T19:34:12 IST" duration-ms="6003" status="PASS">
          <reporter-output>
          </reporter-output>
        </test-method> <!-- openApplication -->
        <test-method signature="printInfo()[pri:2, instance:testcases.NaukriApp@21b2e768]" started-at="2020-07-04T19:34:12 IST" name="printInfo" finished-at="2020-07-04T19:34:13 IST" duration-ms="96" status="PASS">
          <reporter-output>
          </reporter-output>
        </test-method> <!-- printInfo -->
        <test-method is-config="true" signature="tearDown()[pri:0, instance:testcases.NaukriApp@21b2e768]" started-at="2020-07-04T19:34:13 IST" name="tearDown" finished-at="2020-07-04T19:34:14 IST" duration-ms="1333" status="PASS">
          <reporter-output>
          </reporter-output>
        </test-method> <!-- tearDown -->
      </class> <!-- testcases.NaukriApp -->
      <class name="testcases.GmailApp">
        <test-method is-config="true" signature="tearUp()[pri:0, instance:testcases.GmailApp@6a03bcb1]" started-at="2020-07-04T19:33:57 IST" name="tearUp" finished-at="2020-07-04T19:34:06 IST" duration-ms="8281" status="PASS">
          <reporter-output>
          </reporter-output>
        </test-method> <!-- tearUp -->
        <test-method signature="openApplication()[pri:1, instance:testcases.GmailApp@6a03bcb1]" started-at="2020-07-04T19:34:06 IST" name="openApplication" finished-at="2020-07-04T19:34:15 IST" duration-ms="9414" status="PASS">
          <reporter-output>
          </reporter-output>
        </test-method> <!-- openApplication -->
        <test-method signature="printInfo()[pri:2, instance:testcases.GmailApp@6a03bcb1]" started-at="2020-07-04T19:34:15 IST" name="printInfo" finished-at="2020-07-04T19:34:15 IST" duration-ms="365" status="PASS">
          <reporter-output>
          </reporter-output>
        </test-method> <!-- printInfo -->
        <test-method is-config="true" signature="tearDown()[pri:0, instance:testcases.GmailApp@6a03bcb1]" started-at="2020-07-04T19:34:15 IST" name="tearDown" finished-at="2020-07-04T19:34:21 IST" duration-ms="5596" status="PASS">
          <reporter-output>
          </reporter-output>
        </test-method> <!-- tearDown -->
      </class> <!-- testcases.GmailApp -->
      <class name="testcases.FacebookApp">
        <test-method is-config="true" signature="tearUp()[pri:0, instance:testcases.FacebookApp@57250572]" started-at="2020-07-04T19:33:57 IST" name="tearUp" finished-at="2020-07-04T19:34:06 IST" duration-ms="8266" status="PASS">
          <reporter-output>
          </reporter-output>
        </test-method> <!-- tearUp -->
        <test-method signature="openApplication()[pri:1, instance:testcases.FacebookApp@57250572]" started-at="2020-07-04T19:34:06 IST" name="openApplication" finished-at="2020-07-04T19:34:16 IST" duration-ms="10466" status="PASS">
          <reporter-output>
          </reporter-output>
        </test-method> <!-- openApplication -->
        <test-method signature="printInfo()[pri:2, instance:testcases.FacebookApp@57250572]" started-at="2020-07-04T19:34:16 IST" name="printInfo" finished-at="2020-07-04T19:34:16 IST" duration-ms="64" status="PASS">
          <reporter-output>
          </reporter-output>
        </test-method> <!-- printInfo -->
        <test-method is-config="true" signature="tearDown()[pri:0, instance:testcases.FacebookApp@57250572]" started-at="2020-07-04T19:34:16 IST" name="tearDown" finished-at="2020-07-04T19:34:18 IST" duration-ms="1711" status="PASS">
          <reporter-output>
          </reporter-output>
        </test-method> <!-- tearDown -->
      </class> <!-- testcases.FacebookApp -->
    </test> <!-- Test -->
  </suite> <!-- Suite -->
</testng-results>
