<?xml version="1.0" encoding="UTF-8"?>
<testng-results ignored="0" total="9" passed="9" failed="0" skipped="0">
  <reporter-output>
  </reporter-output>
  <suite started-at="2020-07-04T21:45:15 IST" name="Suite" finished-at="2020-07-04T21:45:34 IST" duration-ms="18540">
    <groups>
    </groups>
    <test started-at="2020-07-04T21:45:15 IST" name="Test" finished-at="2020-07-04T21:45:34 IST" duration-ms="18540">
      <class name="testcases.NaukriApp">
        <test-method is-config="true" signature="tearUp()[pri:0, instance:testcases.NaukriApp@11fc564b]" started-at="2020-07-04T21:45:16 IST" name="tearUp" finished-at="2020-07-04T21:45:24 IST" duration-ms="8202" status="PASS">
          <reporter-output>
          </reporter-output>
        </test-method> <!-- tearUp -->
        <test-method signature="openApplication()[pri:1, instance:testcases.NaukriApp@11fc564b]" started-at="2020-07-04T21:45:24 IST" name="openApplication" finished-at="2020-07-04T21:45:27 IST" duration-ms="3094" status="PASS">
          <reporter-output>
          </reporter-output>
        </test-method> <!-- openApplication -->
        <test-method signature="printInfo()[pri:2, instance:testcases.NaukriApp@11fc564b]" started-at="2020-07-04T21:45:27 IST" name="printInfo" finished-at="2020-07-04T21:45:27 IST" duration-ms="126" status="PASS">
          <reporter-output>
          </reporter-output>
        </test-method> <!-- printInfo -->
        <test-method signature="printURL()[pri:3, instance:testcases.NaukriApp@11fc564b]" started-at="2020-07-04T21:45:27 IST" name="printURL" finished-at="2020-07-04T21:45:28 IST" duration-ms="342" status="PASS">
          <reporter-output>
          </reporter-output>
        </test-method> <!-- printURL -->
        <test-method is-config="true" signature="tearDown()[pri:0, instance:testcases.NaukriApp@11fc564b]" started-at="2020-07-04T21:45:28 IST" name="tearDown" finished-at="2020-07-04T21:45:33 IST" duration-ms="5218" status="PASS">
          <reporter-output>
          </reporter-output>
        </test-method> <!-- tearDown -->
      </class> <!-- testcases.NaukriApp -->
      <class name="testcases.GmailApp">
        <test-method is-config="true" signature="tearUp()[pri:0, instance:testcases.GmailApp@76ed1b7c]" started-at="2020-07-04T21:45:16 IST" name="tearUp" finished-at="2020-07-04T21:45:24 IST" duration-ms="8483" status="PASS">
          <reporter-output>
          </reporter-output>
        </test-method> <!-- tearUp -->
        <test-method signature="openApplication()[pri:1, instance:testcases.GmailApp@76ed1b7c]" started-at="2020-07-04T21:45:24 IST" name="openApplication" finished-at="2020-07-04T21:45:28 IST" duration-ms="4268" status="PASS">
          <reporter-output>
          </reporter-output>
        </test-method> <!-- openApplication -->
        <test-method signature="printInfo()[pri:2, instance:testcases.GmailApp@76ed1b7c]" started-at="2020-07-04T21:45:28 IST" name="printInfo" finished-at="2020-07-04T21:45:29 IST" duration-ms="296" status="PASS">
          <reporter-output>
          </reporter-output>
        </test-method> <!-- printInfo -->
        <test-method signature="printURL()[pri:3, instance:testcases.GmailApp@76ed1b7c]" started-at="2020-07-04T21:45:29 IST" name="printURL" finished-at="2020-07-04T21:45:29 IST" duration-ms="19" status="PASS">
          <reporter-output>
          </reporter-output>
        </test-method> <!-- printURL -->
        <test-method is-config="true" signature="tearDown()[pri:0, instance:testcases.GmailApp@76ed1b7c]" started-at="2020-07-04T21:45:29 IST" name="tearDown" finished-at="2020-07-04T21:45:33 IST" duration-ms="4541" status="PASS">
          <reporter-output>
          </reporter-output>
        </test-method> <!-- tearDown -->
      </class> <!-- testcases.GmailApp -->
      <class name="testcases.FacebookApp">
        <test-method is-config="true" signature="tearUp()[pri:0, instance:testcases.FacebookApp@394a2528]" started-at="2020-07-04T21:45:16 IST" name="tearUp" finished-at="2020-07-04T21:45:24 IST" duration-ms="8197" status="PASS">
          <reporter-output>
          </reporter-output>
        </test-method> <!-- tearUp -->
        <test-method signature="openApplication()[pri:1, instance:testcases.FacebookApp@394a2528]" started-at="2020-07-04T21:45:24 IST" name="openApplication" finished-at="2020-07-04T21:45:29 IST" duration-ms="5223" status="PASS">
          <reporter-output>
          </reporter-output>
        </test-method> <!-- openApplication -->
        <test-method signature="printInfo()[pri:2, instance:testcases.FacebookApp@394a2528]" started-at="2020-07-04T21:45:29 IST" name="printInfo" finished-at="2020-07-04T21:45:29 IST" duration-ms="60" status="PASS">
          <reporter-output>
          </reporter-output>
        </test-method> <!-- printInfo -->
        <test-method signature="printURL()[pri:3, instance:testcases.FacebookApp@394a2528]" started-at="2020-07-04T21:45:29 IST" name="printURL" finished-at="2020-07-04T21:45:29 IST" duration-ms="24" status="PASS">
          <reporter-output>
          </reporter-output>
        </test-method> <!-- printURL -->
        <test-method is-config="true" signature="tearDown()[pri:0, instance:testcases.FacebookApp@394a2528]" started-at="2020-07-04T21:45:29 IST" name="tearDown" finished-at="2020-07-04T21:45:34 IST" duration-ms="4593" status="PASS">
          <reporter-output>
          </reporter-output>
        </test-method> <!-- tearDown -->
      </class> <!-- testcases.FacebookApp -->
    </test> <!-- Test -->
  </suite> <!-- Suite -->
</testng-results>
